This file contains any messages produced by compilers while
running configure, to aid debugging if configure makes a mistake.

It was created by krpc configure 0.3.6, which was
generated by GNU Autoconf 2.69.  Invocation command line was

  $ ./configure 

## --------- ##
## Platform. ##
## --------- ##

hostname = beaglebone
uname -m = armv7l
uname -r = 4.4.9-ti-r25
uname -s = Linux
uname -v = #1 SMP Thu May 5 23:08:13 UTC 2016

/usr/bin/uname -p = unknown
/bin/uname -X     = unknown

/bin/arch              = unknown
/usr/bin/arch -k       = unknown
/usr/convex/getsysinfo = unknown
/usr/bin/hostinfo      = unknown
/bin/machine           = unknown
/usr/bin/oslevel       = unknown
/bin/universe          = unknown

PATH: /usr/local/sbin
PATH: /usr/local/bin
PATH: /usr/sbin
PATH: /usr/bin
PATH: /sbin
PATH: /bin


## ----------- ##
## Core tests. ##
## ----------- ##

configure:2381: checking for a BSD-compatible install
configure:2449: result: /usr/bin/install -c
configure:2460: checking whether build environment is sane
configure:2515: result: yes
configure:2666: checking for a thread-safe mkdir -p
configure:2705: result: /bin/mkdir -p
configure:2712: checking for gawk
configure:2742: result: no
configure:2712: checking for mawk
configure:2728: found /usr/bin/mawk
configure:2739: result: mawk
configure:2750: checking whether make sets $(MAKE)
configure:2772: result: yes
configure:2801: checking whether make supports nested variables
configure:2818: result: yes
configure:3003: checking for g++
configure:3019: found /usr/bin/g++
configure:3030: result: g++
configure:3057: checking for C++ compiler version
configure:3066: g++ --version >&5
g++ (Debian 4.9.2-10) 4.9.2
Copyright (C) 2014 Free Software Foundation, Inc.
This is free software; see the source for copying conditions.  There is NO
warranty; not even for MERCHANTABILITY or FITNESS FOR A PARTICULAR PURPOSE.

configure:3077: $? = 0
configure:3066: g++ -v >&5
Using built-in specs.
COLLECT_GCC=g++
COLLECT_LTO_WRAPPER=/usr/lib/gcc/arm-linux-gnueabihf/4.9/lto-wrapper
Target: arm-linux-gnueabihf
Configured with: ../src/configure -v --with-pkgversion='Debian 4.9.2-10' --with-bugurl=file:///usr/share/doc/gcc-4.9/README.Bugs --enable-languages=c,c++,java,go,d,fortran,objc,obj-c++ --prefix=/usr --program-suffix=-4.9 --enable-shared --enable-linker-build-id --libexecdir=/usr/lib --without-included-gettext --enable-threads=posix --with-gxx-include-dir=/usr/include/c++/4.9 --libdir=/usr/lib --enable-nls --with-sysroot=/ --enable-clocale=gnu --enable-libstdcxx-debug --enable-libstdcxx-time=yes --enable-gnu-unique-object --disable-libitm --disable-libquadmath --enable-plugin --with-system-zlib --disable-browser-plugin --enable-java-awt=gtk --enable-gtk-cairo --with-java-home=/usr/lib/jvm/java-1.5.0-gcj-4.9-armhf/jre --enable-java-home --with-jvm-root-dir=/usr/lib/jvm/java-1.5.0-gcj-4.9-armhf --with-jvm-jar-dir=/usr/lib/jvm-exports/java-1.5.0-gcj-4.9-armhf --with-arch-directory=arm --with-ecj-jar=/usr/share/java/eclipse-ecj.jar --enable-objc-gc --enable-multiarch --disable-sjlj-exceptions --with-arch=armv7-a --with-fpu=vfpv3-d16 --with-float=hard --with-mode=thumb --enable-checking=release --build=arm-linux-gnueabihf --host=arm-linux-gnueabihf --target=arm-linux-gnueabihf
Thread model: posix
gcc version 4.9.2 (Debian 4.9.2-10) 
configure:3077: $? = 0
configure:3066: g++ -V >&5
g++: error: unrecognized command line option '-V'
g++: fatal error: no input files
compilation terminated.
configure:3077: $? = 4
configure:3066: g++ -qversion >&5
g++: error: unrecognized command line option '-qversion'
g++: fatal error: no input files
compilation terminated.
configure:3077: $? = 4
configure:3097: checking whether the C++ compiler works
configure:3119: g++    conftest.cpp  >&5
configure:3123: $? = 0
configure:3171: result: yes
configure:3174: checking for C++ compiler default output file name
configure:3176: result: a.out
configure:3182: checking for suffix of executables
configure:3189: g++ -o conftest    conftest.cpp  >&5
configure:3193: $? = 0
configure:3215: result: 
configure:3237: checking whether we are cross compiling
configure:3245: g++ -o conftest    conftest.cpp  >&5
configure:3249: $? = 0
configure:3256: ./conftest
configure:3260: $? = 0
configure:3275: result: no
configure:3280: checking for suffix of object files
configure:3302: g++ -c   conftest.cpp >&5
configure:3306: $? = 0
configure:3327: result: o
configure:3331: checking whether we are using the GNU C++ compiler
configure:3350: g++ -c   conftest.cpp >&5
configure:3350: $? = 0
configure:3359: result: yes
configure:3368: checking whether g++ accepts -g
configure:3388: g++ -c -g  conftest.cpp >&5
configure:3388: $? = 0
configure:3429: result: yes
configure:3463: checking for style of include used by make
configure:3491: result: GNU
configure:3517: checking dependency style of g++
configure:3628: result: gcc3
configure:3657: checking whether g++ supports C++11 features by default
configure:3951: g++ -c -g -O2  conftest.cpp >&5
conftest.cpp:22:2: error: #error "This is not a C++11 compiler"
 #error "This is not a C++11 compiler"
  ^
configure:3951: $? = 1
configure: failed program was:
| /* confdefs.h */
| #define PACKAGE_NAME "krpc"
| #define PACKAGE_TARNAME "krpc"
| #define PACKAGE_VERSION "0.3.6"
| #define PACKAGE_STRING "krpc 0.3.6"
| #define PACKAGE_BUGREPORT ""
| #define PACKAGE_URL ""
| #define PACKAGE "krpc"
| #define VERSION "0.3.6"
| /* end confdefs.h.  */
| 
| 
| // If the compiler admits that it is not ready for C++11, why torture it?
| // Hopefully, this will speed up the test.
| 
| #ifndef __cplusplus
| 
| #error "This is not a C++ compiler"
| 
| #elif __cplusplus < 201103L
| 
| #error "This is not a C++11 compiler"
| 
| #else
| 
| namespace cxx11
| {
| 
|   namespace test_static_assert
|   {
| 
|     template <typename T>
|     struct check
|     {
|       static_assert(sizeof(int) <= sizeof(T), "not big enough");
|     };
| 
|   }
| 
|   namespace test_final_override
|   {
| 
|     struct Base
|     {
|       virtual void f() {}
|     };
| 
|     struct Derived : public Base
|     {
|       virtual void f() override {}
|     };
| 
|   }
| 
|   namespace test_double_right_angle_brackets
|   {
| 
|     template < typename T >
|     struct check {};
| 
|     typedef check<void> single_type;
|     typedef check<check<void>> double_type;
|     typedef check<check<check<void>>> triple_type;
|     typedef check<check<check<check<void>>>> quadruple_type;
| 
|   }
| 
|   namespace test_decltype
|   {
| 
|     int
|     f()
|     {
|       int a = 1;
|       decltype(a) b = 2;
|       return a + b;
|     }
| 
|   }
| 
|   namespace test_type_deduction
|   {
| 
|     template < typename T1, typename T2 >
|     struct is_same
|     {
|       static const bool value = false;
|     };
| 
|     template < typename T >
|     struct is_same<T, T>
|     {
|       static const bool value = true;
|     };
| 
|     template < typename T1, typename T2 >
|     auto
|     add(T1 a1, T2 a2) -> decltype(a1 + a2)
|     {
|       return a1 + a2;
|     }
| 
|     int
|     test(const int c, volatile int v)
|     {
|       static_assert(is_same<int, decltype(0)>::value == true, "");
|       static_assert(is_same<int, decltype(c)>::value == false, "");
|       static_assert(is_same<int, decltype(v)>::value == false, "");
|       auto ac = c;
|       auto av = v;
|       auto sumi = ac + av + 'x';
|       auto sumf = ac + av + 1.0;
|       static_assert(is_same<int, decltype(ac)>::value == true, "");
|       static_assert(is_same<int, decltype(av)>::value == true, "");
|       static_assert(is_same<int, decltype(sumi)>::value == true, "");
|       static_assert(is_same<int, decltype(sumf)>::value == false, "");
|       static_assert(is_same<int, decltype(add(c, v))>::value == true, "");
|       return (sumf > 0.0) ? sumi : add(c, v);
|     }
| 
|   }
| 
|   namespace test_noexcept
|   {
| 
|     int f() { return 0; }
|     int g() noexcept { return 0; }
| 
|     static_assert(noexcept(f()) == false, "");
|     static_assert(noexcept(g()) == true, "");
| 
|   }
| 
|   namespace test_constexpr
|   {
| 
|     template < typename CharT >
|     unsigned long constexpr
|     strlen_c_r(const CharT *const s, const unsigned long acc) noexcept
|     {
|       return *s ? strlen_c_r(s + 1, acc + 1) : acc;
|     }
| 
|     template < typename CharT >
|     unsigned long constexpr
|     strlen_c(const CharT *const s) noexcept
|     {
|       return strlen_c_r(s, 0UL);
|     }
| 
|     static_assert(strlen_c("") == 0UL, "");
|     static_assert(strlen_c("1") == 1UL, "");
|     static_assert(strlen_c("example") == 7UL, "");
|     static_assert(strlen_c("another\0example") == 7UL, "");
| 
|   }
| 
|   namespace test_rvalue_references
|   {
| 
|     template < int N >
|     struct answer
|     {
|       static constexpr int value = N;
|     };
| 
|     answer<1> f(int&)       { return answer<1>(); }
|     answer<2> f(const int&) { return answer<2>(); }
|     answer<3> f(int&&)      { return answer<3>(); }
| 
|     void
|     test()
|     {
|       int i = 0;
|       const int c = 0;
|       static_assert(decltype(f(i))::value == 1, "");
|       static_assert(decltype(f(c))::value == 2, "");
|       static_assert(decltype(f(0))::value == 3, "");
|     }
| 
|   }
| 
|   namespace test_uniform_initialization
|   {
| 
|     struct test
|     {
|       static const int zero {};
|       static const int one {1};
|     };
| 
|     static_assert(test::zero == 0, "");
|     static_assert(test::one == 1, "");
| 
|   }
| 
|   namespace test_lambdas
|   {
| 
|     void
|     test1()
|     {
|       auto lambda1 = [](){};
|       auto lambda2 = lambda1;
|       lambda1();
|       lambda2();
|     }
| 
|     int
|     test2()
|     {
|       auto a = [](int i, int j){ return i + j; }(1, 2);
|       auto b = []() -> int { return '0'; }();
|       auto c = [=](){ return a + b; }();
|       auto d = [&](){ return c; }();
|       auto e = [a, &b](int x) mutable {
|         const auto identity = [](int y){ return y; };
|         for (auto i = 0; i < a; ++i)
|           a += b--;
|         return x + identity(a + b);
|       }(0);
|       return a + b + c + d + e;
|     }
| 
|     int
|     test3()
|     {
|       const auto nullary = [](){ return 0; };
|       const auto unary = [](int x){ return x; };
|       using nullary_t = decltype(nullary);
|       using unary_t = decltype(unary);
|       const auto higher1st = [](nullary_t f){ return f(); };
|       const auto higher2nd = [unary](nullary_t f1){
|         return [unary, f1](unary_t f2){ return f2(unary(f1())); };
|       };
|       return higher1st(nullary) + higher2nd(nullary)(unary);
|     }
| 
|   }
| 
|   namespace test_variadic_templates
|   {
| 
|     template <int...>
|     struct sum;
| 
|     template <int N0, int... N1toN>
|     struct sum<N0, N1toN...>
|     {
|       static constexpr auto value = N0 + sum<N1toN...>::value;
|     };
| 
|     template <>
|     struct sum<>
|     {
|       static constexpr auto value = 0;
|     };
| 
|     static_assert(sum<>::value == 0, "");
|     static_assert(sum<1>::value == 1, "");
|     static_assert(sum<23>::value == 23, "");
|     static_assert(sum<1, 2>::value == 3, "");
|     static_assert(sum<5, 5, 11>::value == 21, "");
|     static_assert(sum<2, 3, 5, 7, 11, 13>::value == 41, "");
| 
|   }
| 
|   // http://stackoverflow.com/questions/13728184/template-aliases-and-sfinae
|   // Clang 3.1 fails with headers of libstd++ 4.8.3 when using std::function
|   // because of this.
|   namespace test_template_alias_sfinae
|   {
| 
|     struct foo {};
| 
|     template<typename T>
|     using member = typename T::member_type;
| 
|     template<typename T>
|     void func(...) {}
| 
|     template<typename T>
|     void func(member<T>*) {}
| 
|     void test();
| 
|     void test() { func<foo>(0); }
| 
|   }
| 
| }  // namespace cxx11
| 
| #endif  // __cplusplus >= 201103L
| 
| 
| 
configure:3958: result: no
configure:3969: checking whether g++ supports C++11 features with -std=c++11
configure:4265: g++ -std=c++11 -c -g -O2  conftest.cpp >&5
configure:4265: $? = 0
configure:4274: result: yes
configure:4338: checking build system type
configure:4352: result: armv7l-unknown-linux-gnueabihf
configure:4372: checking host system type
configure:4385: result: armv7l-unknown-linux-gnueabihf
configure:4426: checking how to print strings
configure:4453: result: printf
configure:4522: checking for gcc
configure:4538: found /usr/bin/gcc
configure:4549: result: gcc
configure:4778: checking for C compiler version
configure:4787: gcc --version >&5
gcc (Debian 4.9.2-10) 4.9.2
Copyright (C) 2014 Free Software Foundation, Inc.
This is free software; see the source for copying conditions.  There is NO
warranty; not even for MERCHANTABILITY or FITNESS FOR A PARTICULAR PURPOSE.

configure:4798: $? = 0
configure:4787: gcc -v >&5
Using built-in specs.
COLLECT_GCC=gcc
COLLECT_LTO_WRAPPER=/usr/lib/gcc/arm-linux-gnueabihf/4.9/lto-wrapper
Target: arm-linux-gnueabihf
Configured with: ../src/configure -v --with-pkgversion='Debian 4.9.2-10' --with-bugurl=file:///usr/share/doc/gcc-4.9/README.Bugs --enable-languages=c,c++,java,go,d,fortran,objc,obj-c++ --prefix=/usr --program-suffix=-4.9 --enable-shared --enable-linker-build-id --libexecdir=/usr/lib --without-included-gettext --enable-threads=posix --with-gxx-include-dir=/usr/include/c++/4.9 --libdir=/usr/lib --enable-nls --with-sysroot=/ --enable-clocale=gnu --enable-libstdcxx-debug --enable-libstdcxx-time=yes --enable-gnu-unique-object --disable-libitm --disable-libquadmath --enable-plugin --with-system-zlib --disable-browser-plugin --enable-java-awt=gtk --enable-gtk-cairo --with-java-home=/usr/lib/jvm/java-1.5.0-gcj-4.9-armhf/jre --enable-java-home --with-jvm-root-dir=/usr/lib/jvm/java-1.5.0-gcj-4.9-armhf --with-jvm-jar-dir=/usr/lib/jvm-exports/java-1.5.0-gcj-4.9-armhf --with-arch-directory=arm --with-ecj-jar=/usr/share/java/eclipse-ecj.jar --enable-objc-gc --enable-multiarch --disable-sjlj-exceptions --with-arch=armv7-a --with-fpu=vfpv3-d16 --with-float=hard --with-mode=thumb --enable-checking=release --build=arm-linux-gnueabihf --host=arm-linux-gnueabihf --target=arm-linux-gnueabihf
Thread model: posix
gcc version 4.9.2 (Debian 4.9.2-10) 
configure:4798: $? = 0
configure:4787: gcc -V >&5
gcc: error: unrecognized command line option '-V'
gcc: fatal error: no input files
compilation terminated.
configure:4798: $? = 4
configure:4787: gcc -qversion >&5
gcc: error: unrecognized command line option '-qversion'
gcc: fatal error: no input files
compilation terminated.
configure:4798: $? = 4
configure:4802: checking whether we are using the GNU C compiler
configure:4821: gcc -c   conftest.c >&5
configure:4821: $? = 0
configure:4830: result: yes
configure:4839: checking whether gcc accepts -g
configure:4859: gcc -c -g  conftest.c >&5
configure:4859: $? = 0
configure:4900: result: yes
configure:4917: checking for gcc option to accept ISO C89
configure:4980: gcc  -c -g -O2  conftest.c >&5
configure:4980: $? = 0
configure:4993: result: none needed
configure:5018: checking whether gcc understands -c and -o together
configure:5040: gcc -c conftest.c -o conftest2.o
configure:5043: $? = 0
configure:5040: gcc -c conftest.c -o conftest2.o
configure:5043: $? = 0
configure:5055: result: yes
configure:5074: checking dependency style of gcc
configure:5185: result: gcc3
configure:5200: checking for a sed that does not truncate output
configure:5264: result: /bin/sed
configure:5282: checking for grep that handles long lines and -e
configure:5340: result: /bin/grep
configure:5345: checking for egrep
configure:5407: result: /bin/grep -E
configure:5412: checking for fgrep
configure:5474: result: /bin/grep -F
configure:5509: checking for ld used by gcc
configure:5576: result: /usr/bin/ld
configure:5583: checking if the linker (/usr/bin/ld) is GNU ld
configure:5598: result: yes
configure:5610: checking for BSD- or MS-compatible name lister (nm)
configure:5659: result: /usr/bin/nm -B
configure:5789: checking the name lister (/usr/bin/nm -B) interface
configure:5796: g++ -std=c++11 -c -g -O2  conftest.cpp >&5
configure:5799: /usr/bin/nm -B "conftest.o"
configure:5802: output
00000000 B some_variable
configure:5809: result: BSD nm
configure:5812: checking whether ln -s works
configure:5816: result: yes
configure:5824: checking the maximum length of command line arguments
configure:5955: result: 1572864
configure:5972: checking whether the shell understands some XSI constructs
configure:5982: result: yes
configure:5986: checking whether the shell understands "+="
configure:5992: result: yes
configure:6027: checking how to convert armv7l-unknown-linux-gnueabihf file names to armv7l-unknown-linux-gnueabihf format
configure:6067: result: func_convert_file_noop
configure:6074: checking how to convert armv7l-unknown-linux-gnueabihf file names to toolchain format
configure:6094: result: func_convert_file_noop
configure:6101: checking for /usr/bin/ld option to reload object files
configure:6108: result: -r
configure:6182: checking for objdump
configure:6198: found /usr/bin/objdump
configure:6209: result: objdump
configure:6241: checking how to recognize dependent libraries
configure:6439: result: pass_all
configure:6524: checking for dlltool
configure:6554: result: no
configure:6584: checking how to associate runtime and link libraries
configure:6611: result: printf %s\n
configure:6671: checking for ar
configure:6687: found /usr/bin/ar
configure:6698: result: ar
configure:6735: checking for archiver @FILE support
configure:6752: g++ -std=c++11 -c -g -O2  conftest.cpp >&5
configure:6752: $? = 0
configure:6755: ar cru libconftest.a @conftest.lst >&5
configure:6758: $? = 0
configure:6763: ar cru libconftest.a @conftest.lst >&5
ar: conftest.o: No such file or directory
configure:6766: $? = 1
configure:6778: result: @
configure:6836: checking for strip
configure:6852: found /usr/bin/strip
configure:6863: result: strip
configure:6935: checking for ranlib
configure:6951: found /usr/bin/ranlib
configure:6962: result: ranlib
configure:7064: checking command to parse /usr/bin/nm -B output from gcc object
configure:7184: g++ -std=c++11 -c -g -O2  conftest.cpp >&5
configure:7187: $? = 0
configure:7191: /usr/bin/nm -B conftest.o \| sed -n -e 's/^.*[ ]\([ABCDGIRSTW][ABCDGIRSTW]*\)[ ][ ]*\([_A-Za-z][_A-Za-z0-9]*\)$/\1 \2 \2/p' | sed '/ __gnu_lto/d' \> conftest.nm
configure:7194: $? = 0
configure:7260: g++ -std=c++11 -o conftest -g -O2   conftest.cpp conftstm.o >&5
configure:7263: $? = 0
configure:7301: result: ok
configure:7338: checking for sysroot
configure:7368: result: no
configure:7638: checking for mt
configure:7654: found /bin/mt
configure:7665: result: mt
configure:7688: checking if mt is a manifest tool
configure:7694: mt '-?'
configure:7702: result: no
configure:8344: checking how to run the C preprocessor
configure:8375: gcc -E  conftest.c
configure:8375: $? = 0
configure:8389: gcc -E  conftest.c
conftest.c:12:28: fatal error: ac_nonexistent.h: No such file or directory
 #include <ac_nonexistent.h>
                            ^
compilation terminated.
configure:8389: $? = 1
configure: failed program was:
| /* confdefs.h */
| #define PACKAGE_NAME "krpc"
| #define PACKAGE_TARNAME "krpc"
| #define PACKAGE_VERSION "0.3.6"
| #define PACKAGE_STRING "krpc 0.3.6"
| #define PACKAGE_BUGREPORT ""
| #define PACKAGE_URL ""
| #define PACKAGE "krpc"
| #define VERSION "0.3.6"
| #define HAVE_CXX11 1
| /* end confdefs.h.  */
| #include <ac_nonexistent.h>
configure:8414: result: gcc -E
configure:8434: gcc -E  conftest.c
configure:8434: $? = 0
configure:8448: gcc -E  conftest.c
conftest.c:12:28: fatal error: ac_nonexistent.h: No such file or directory
 #include <ac_nonexistent.h>
                            ^
compilation terminated.
configure:8448: $? = 1
configure: failed program was:
| /* confdefs.h */
| #define PACKAGE_NAME "krpc"
| #define PACKAGE_TARNAME "krpc"
| #define PACKAGE_VERSION "0.3.6"
| #define PACKAGE_STRING "krpc 0.3.6"
| #define PACKAGE_BUGREPORT ""
| #define PACKAGE_URL ""
| #define PACKAGE "krpc"
| #define VERSION "0.3.6"
| #define HAVE_CXX11 1
| /* end confdefs.h.  */
| #include <ac_nonexistent.h>
configure:8477: checking for ANSI C header files
configure:8497: gcc -c -g -O2  conftest.c >&5
configure:8497: $? = 0
configure:8570: gcc -o conftest -g -O2   conftest.c  >&5
configure:8570: $? = 0
configure:8570: ./conftest
configure:8570: $? = 0
configure:8581: result: yes
configure:8594: checking for sys/types.h
configure:8594: gcc -c -g -O2  conftest.c >&5
configure:8594: $? = 0
configure:8594: result: yes
configure:8594: checking for sys/stat.h
configure:8594: gcc -c -g -O2  conftest.c >&5
configure:8594: $? = 0
configure:8594: result: yes
configure:8594: checking for stdlib.h
configure:8594: gcc -c -g -O2  conftest.c >&5
configure:8594: $? = 0
configure:8594: result: yes
configure:8594: checking for string.h
configure:8594: gcc -c -g -O2  conftest.c >&5
configure:8594: $? = 0
configure:8594: result: yes
configure:8594: checking for memory.h
configure:8594: gcc -c -g -O2  conftest.c >&5
configure:8594: $? = 0
configure:8594: result: yes
configure:8594: checking for strings.h
configure:8594: gcc -c -g -O2  conftest.c >&5
configure:8594: $? = 0
configure:8594: result: yes
configure:8594: checking for inttypes.h
configure:8594: gcc -c -g -O2  conftest.c >&5
configure:8594: $? = 0
configure:8594: result: yes
configure:8594: checking for stdint.h
configure:8594: gcc -c -g -O2  conftest.c >&5
configure:8594: $? = 0
configure:8594: result: yes
configure:8594: checking for unistd.h
configure:8594: gcc -c -g -O2  conftest.c >&5
configure:8594: $? = 0
configure:8594: result: yes
configure:8608: checking for dlfcn.h
configure:8608: gcc -c -g -O2  conftest.c >&5
configure:8608: $? = 0
configure:8608: result: yes
configure:8824: checking for objdir
configure:8839: result: .libs
configure:9110: checking if gcc supports -fno-rtti -fno-exceptions
configure:9128: gcc -c -g -O2  -fno-rtti -fno-exceptions conftest.c >&5
cc1: warning: command line option '-fno-rtti' is valid for C++/ObjC++ but not for C
configure:9132: $? = 0
configure:9145: result: no
configure:9472: checking for gcc option to produce PIC
configure:9479: result: -fPIC -DPIC
configure:9487: checking if gcc PIC flag -fPIC -DPIC works
configure:9505: gcc -c -g -O2  -fPIC -DPIC -DPIC conftest.c >&5
configure:9509: $? = 0
configure:9522: result: yes
configure:9551: checking if gcc static flag -static works
configure:9579: result: yes
configure:9594: checking if gcc supports -c -o file.o
configure:9615: gcc -c -g -O2  -o out/conftest2.o conftest.c >&5
configure:9619: $? = 0
configure:9641: result: yes
configure:9649: checking if gcc supports -c -o file.o
configure:9696: result: yes
configure:9729: checking whether the gcc linker (/usr/bin/ld) supports shared libraries
configure:10886: result: yes
configure:10923: checking whether -lc should be explicitly linked in
configure:10931: gcc -c -g -O2  conftest.c >&5
configure:10934: $? = 0
configure:10949: gcc -shared  -fPIC -DPIC conftest.o  -v -Wl,-soname -Wl,conftest -o conftest 2\>\&1 \| /bin/grep  -lc  \>/dev/null 2\>\&1
configure:10952: $? = 0
configure:10966: result: no
configure:11126: checking dynamic linker characteristics
configure:11626: gcc -o conftest -g -O2   -Wl,-rpath -Wl,/foo conftest.c  >&5
configure:11626: $? = 0
configure:11860: result: GNU/Linux ld.so
configure:11967: checking how to hardcode library paths into programs
configure:11992: result: immediate
configure:12532: checking whether stripping libraries is possible
configure:12537: result: yes
configure:12572: checking if libtool supports shared libraries
configure:12574: result: yes
configure:12577: checking whether to build shared libraries
configure:12598: result: yes
configure:12601: checking whether to build static libraries
configure:12605: result: yes
configure:12628: checking how to run the C++ preprocessor
configure:12655: g++ -std=c++11 -E  conftest.cpp
configure:12655: $? = 0
configure:12669: g++ -std=c++11 -E  conftest.cpp
conftest.cpp:24:28: fatal error: ac_nonexistent.h: No such file or directory
 #include <ac_nonexistent.h>
                            ^
compilation terminated.
configure:12669: $? = 1
configure: failed program was:
| /* confdefs.h */
| #define PACKAGE_NAME "krpc"
| #define PACKAGE_TARNAME "krpc"
| #define PACKAGE_VERSION "0.3.6"
| #define PACKAGE_STRING "krpc 0.3.6"
| #define PACKAGE_BUGREPORT ""
| #define PACKAGE_URL ""
| #define PACKAGE "krpc"
| #define VERSION "0.3.6"
| #define HAVE_CXX11 1
| #define STDC_HEADERS 1
| #define HAVE_SYS_TYPES_H 1
| #define HAVE_SYS_STAT_H 1
| #define HAVE_STDLIB_H 1
| #define HAVE_STRING_H 1
| #define HAVE_MEMORY_H 1
| #define HAVE_STRINGS_H 1
| #define HAVE_INTTYPES_H 1
| #define HAVE_STDINT_H 1
| #define HAVE_UNISTD_H 1
| #define HAVE_DLFCN_H 1
| #define LT_OBJDIR ".libs/"
| /* end confdefs.h.  */
| #include <ac_nonexistent.h>
configure:12694: result: g++ -std=c++11 -E
configure:12714: g++ -std=c++11 -E  conftest.cpp
configure:12714: $? = 0
configure:12728: g++ -std=c++11 -E  conftest.cpp
conftest.cpp:24:28: fatal error: ac_nonexistent.h: No such file or directory
 #include <ac_nonexistent.h>
                            ^
compilation terminated.
configure:12728: $? = 1
configure: failed program was:
| /* confdefs.h */
| #define PACKAGE_NAME "krpc"
| #define PACKAGE_TARNAME "krpc"
| #define PACKAGE_VERSION "0.3.6"
| #define PACKAGE_STRING "krpc 0.3.6"
| #define PACKAGE_BUGREPORT ""
| #define PACKAGE_URL ""
| #define PACKAGE "krpc"
| #define VERSION "0.3.6"
| #define HAVE_CXX11 1
| #define STDC_HEADERS 1
| #define HAVE_SYS_TYPES_H 1
| #define HAVE_SYS_STAT_H 1
| #define HAVE_STDLIB_H 1
| #define HAVE_STRING_H 1
| #define HAVE_MEMORY_H 1
| #define HAVE_STRINGS_H 1
| #define HAVE_INTTYPES_H 1
| #define HAVE_STDINT_H 1
| #define HAVE_UNISTD_H 1
| #define HAVE_DLFCN_H 1
| #define LT_OBJDIR ".libs/"
| /* end confdefs.h.  */
| #include <ac_nonexistent.h>
configure:12897: checking for ld used by g++ -std=c++11
configure:12964: result: /usr/bin/ld
configure:12971: checking if the linker (/usr/bin/ld) is GNU ld
configure:12986: result: yes
configure:13041: checking whether the g++ -std=c++11 linker (/usr/bin/ld) supports shared libraries
configure:14043: result: yes
configure:14079: g++ -std=c++11 -c -g -O2  conftest.cpp >&5
configure:14082: $? = 0
configure:14602: checking for g++ -std=c++11 option to produce PIC
configure:14609: result: -fPIC -DPIC
configure:14617: checking if g++ -std=c++11 PIC flag -fPIC -DPIC works
configure:14635: g++ -std=c++11 -c -g -O2  -fPIC -DPIC -DPIC conftest.cpp >&5
configure:14639: $? = 0
configure:14652: result: yes
configure:14675: checking if g++ -std=c++11 static flag -static works
configure:14703: result: yes
configure:14715: checking if g++ -std=c++11 supports -c -o file.o
configure:14736: g++ -std=c++11 -c -g -O2  -o out/conftest2.o conftest.cpp >&5
configure:14740: $? = 0
configure:14762: result: yes
configure:14767: checking if g++ -std=c++11 supports -c -o file.o
configure:14814: result: yes
configure:14844: checking whether the g++ -std=c++11 linker (/usr/bin/ld) supports shared libraries
configure:14883: result: yes
configure:15024: checking dynamic linker characteristics
configure:15692: result: GNU/Linux ld.so
configure:15745: checking how to hardcode library paths into programs
configure:15770: result: immediate
configure:15832: checking google/protobuf/message.h usability
configure:15832: g++ -std=c++11 -c -g -O2  conftest.cpp >&5
configure:15832: $? = 0
configure:15832: result: yes
configure:15832: checking google/protobuf/message.h presence
configure:15832: g++ -std=c++11 -E  conftest.cpp
configure:15832: $? = 0
configure:15832: result: yes
configure:15832: checking for google/protobuf/message.h
configure:15832: result: yes
configure:15840: checking asio.hpp usability
configure:15840: g++ -std=c++11 -c -g -O2  conftest.cpp >&5
In file included from /usr/local/include/asio/async_result.hpp:18:0,
                 from /usr/local/include/asio.hpp:18,
                 from conftest.cpp:57:
/usr/local/include/asio/detail/config.hpp:26:29: fatal error: boost/config.hpp: No such file or directory
 # include <boost/config.hpp>
                             ^
compilation terminated.
configure:15840: $? = 1
configure: failed program was:
| /* confdefs.h */
| #define PACKAGE_NAME "krpc"
| #define PACKAGE_TARNAME "krpc"
| #define PACKAGE_VERSION "0.3.6"
| #define PACKAGE_STRING "krpc 0.3.6"
| #define PACKAGE_BUGREPORT ""
| #define PACKAGE_URL ""
| #define PACKAGE "krpc"
| #define VERSION "0.3.6"
| #define HAVE_CXX11 1
| #define STDC_HEADERS 1
| #define HAVE_SYS_TYPES_H 1
| #define HAVE_SYS_STAT_H 1
| #define HAVE_STDLIB_H 1
| #define HAVE_STRING_H 1
| #define HAVE_MEMORY_H 1
| #define HAVE_STRINGS_H 1
| #define HAVE_INTTYPES_H 1
| #define HAVE_STDINT_H 1
| #define HAVE_UNISTD_H 1
| #define HAVE_DLFCN_H 1
| #define LT_OBJDIR ".libs/"
| /* end confdefs.h.  */
| #include <stdio.h>
| #ifdef HAVE_SYS_TYPES_H
| # include <sys/types.h>
| #endif
| #ifdef HAVE_SYS_STAT_H
| # include <sys/stat.h>
| #endif
| #ifdef STDC_HEADERS
| # include <stdlib.h>
| # include <stddef.h>
| #else
| # ifdef HAVE_STDLIB_H
| #  include <stdlib.h>
| # endif
| #endif
| #ifdef HAVE_STRING_H
| # if !defined STDC_HEADERS && defined HAVE_MEMORY_H
| #  include <memory.h>
| # endif
| # include <string.h>
| #endif
| #ifdef HAVE_STRINGS_H
| # include <strings.h>
| #endif
| #ifdef HAVE_INTTYPES_H
| # include <inttypes.h>
| #endif
| #ifdef HAVE_STDINT_H
| # include <stdint.h>
| #endif
| #ifdef HAVE_UNISTD_H
| # include <unistd.h>
| #endif
| #include <asio.hpp>
configure:15840: result: no
configure:15840: checking asio.hpp presence
configure:15840: g++ -std=c++11 -E  conftest.cpp
In file included from /usr/local/include/asio/async_result.hpp:18:0,
                 from /usr/local/include/asio.hpp:18,
                 from conftest.cpp:24:
/usr/local/include/asio/detail/config.hpp:26:29: fatal error: boost/config.hpp: No such file or directory
 # include <boost/config.hpp>
                             ^
compilation terminated.
configure:15840: $? = 1
configure: failed program was:
| /* confdefs.h */
| #define PACKAGE_NAME "krpc"
| #define PACKAGE_TARNAME "krpc"
| #define PACKAGE_VERSION "0.3.6"
| #define PACKAGE_STRING "krpc 0.3.6"
| #define PACKAGE_BUGREPORT ""
| #define PACKAGE_URL ""
| #define PACKAGE "krpc"
| #define VERSION "0.3.6"
| #define HAVE_CXX11 1
| #define STDC_HEADERS 1
| #define HAVE_SYS_TYPES_H 1
| #define HAVE_SYS_STAT_H 1
| #define HAVE_STDLIB_H 1
| #define HAVE_STRING_H 1
| #define HAVE_MEMORY_H 1
| #define HAVE_STRINGS_H 1
| #define HAVE_INTTYPES_H 1
| #define HAVE_STDINT_H 1
| #define HAVE_UNISTD_H 1
| #define HAVE_DLFCN_H 1
| #define LT_OBJDIR ".libs/"
| /* end confdefs.h.  */
| #include <asio.hpp>
configure:15840: result: no
configure:15840: checking for asio.hpp
configure:15840: result: no
configure:15844: error: Couldn't find ASIO headers. Try "sudo apt-get install libasio-dev"

## ---------------- ##
## Cache variables. ##
## ---------------- ##

ac_cv_build=armv7l-unknown-linux-gnueabihf
ac_cv_c_compiler_gnu=yes
ac_cv_cxx_compiler_gnu=yes
ac_cv_env_CCC_set=
ac_cv_env_CCC_value=
ac_cv_env_CC_set=
ac_cv_env_CC_value=
ac_cv_env_CFLAGS_set=
ac_cv_env_CFLAGS_value=
ac_cv_env_CPPFLAGS_set=
ac_cv_env_CPPFLAGS_value=
ac_cv_env_CPP_set=
ac_cv_env_CPP_value=
ac_cv_env_CXXCPP_set=
ac_cv_env_CXXCPP_value=
ac_cv_env_CXXFLAGS_set=
ac_cv_env_CXXFLAGS_value=
ac_cv_env_CXX_set=
ac_cv_env_CXX_value=
ac_cv_env_LDFLAGS_set=
ac_cv_env_LDFLAGS_value=
ac_cv_env_LIBS_set=
ac_cv_env_LIBS_value=
ac_cv_env_build_alias_set=
ac_cv_env_build_alias_value=
ac_cv_env_host_alias_set=
ac_cv_env_host_alias_value=
ac_cv_env_target_alias_set=
ac_cv_env_target_alias_value=
ac_cv_header_asio_hpp=no
ac_cv_header_dlfcn_h=yes
ac_cv_header_google_protobuf_message_h=yes
ac_cv_header_inttypes_h=yes
ac_cv_header_memory_h=yes
ac_cv_header_stdc=yes
ac_cv_header_stdint_h=yes
ac_cv_header_stdlib_h=yes
ac_cv_header_string_h=yes
ac_cv_header_strings_h=yes
ac_cv_header_sys_stat_h=yes
ac_cv_header_sys_types_h=yes
ac_cv_header_unistd_h=yes
ac_cv_host=armv7l-unknown-linux-gnueabihf
ac_cv_objext=o
ac_cv_path_EGREP='/bin/grep -E'
ac_cv_path_FGREP='/bin/grep -F'
ac_cv_path_GREP=/bin/grep
ac_cv_path_SED=/bin/sed
ac_cv_path_install='/usr/bin/install -c'
ac_cv_path_mkdir=/bin/mkdir
ac_cv_prog_AWK=mawk
ac_cv_prog_CPP='gcc -E'
ac_cv_prog_CXXCPP='g++ -std=c++11 -E'
ac_cv_prog_ac_ct_AR=ar
ac_cv_prog_ac_ct_CC=gcc
ac_cv_prog_ac_ct_CXX=g++
ac_cv_prog_ac_ct_MANIFEST_TOOL=mt
ac_cv_prog_ac_ct_OBJDUMP=objdump
ac_cv_prog_ac_ct_RANLIB=ranlib
ac_cv_prog_ac_ct_STRIP=strip
ac_cv_prog_cc_c89=
ac_cv_prog_cc_g=yes
ac_cv_prog_cxx_g=yes
ac_cv_prog_make_make_set=yes
am_cv_CC_dependencies_compiler_type=gcc3
am_cv_CXX_dependencies_compiler_type=gcc3
am_cv_make_support_nested_variables=yes
am_cv_prog_cc_c_o=yes
ax_cv_cxx_compile_cxx11=no
ax_cv_cxx_compile_cxx11__std_cpp11=yes
lt_cv_ar_at_file=@
lt_cv_archive_cmds_need_lc=no
lt_cv_deplibs_check_method=pass_all
lt_cv_file_magic_cmd='$MAGIC_CMD'
lt_cv_file_magic_test_file=
lt_cv_ld_reload_flag=-r
lt_cv_nm_interface='BSD nm'
lt_cv_objdir=.libs
lt_cv_path_LD=/usr/bin/ld
lt_cv_path_LDCXX=/usr/bin/ld
lt_cv_path_NM='/usr/bin/nm -B'
lt_cv_path_mainfest_tool=no
lt_cv_prog_compiler_c_o=yes
lt_cv_prog_compiler_c_o_CXX=yes
lt_cv_prog_compiler_pic='-fPIC -DPIC'
lt_cv_prog_compiler_pic_CXX='-fPIC -DPIC'
lt_cv_prog_compiler_pic_works=yes
lt_cv_prog_compiler_pic_works_CXX=yes
lt_cv_prog_compiler_rtti_exceptions=no
lt_cv_prog_compiler_static_works=yes
lt_cv_prog_compiler_static_works_CXX=yes
lt_cv_prog_gnu_ld=yes
lt_cv_prog_gnu_ldcxx=yes
lt_cv_sharedlib_from_linklib_cmd='printf %s\n'
lt_cv_shlibpath_overrides_runpath=no
lt_cv_sys_global_symbol_pipe='sed -n -e '\''s/^.*[	 ]\([ABCDGIRSTW][ABCDGIRSTW]*\)[	 ][	 ]*\([_A-Za-z][_A-Za-z0-9]*\)$/\1 \2 \2/p'\'' | sed '\''/ __gnu_lto/d'\'''
lt_cv_sys_global_symbol_to_c_name_address='sed -n -e '\''s/^: \([^ ]*\)[ ]*$/  {\"\1\", (void *) 0},/p'\'' -e '\''s/^[ABCDGIRSTW]* \([^ ]*\) \([^ ]*\)$/  {"\2", (void *) \&\2},/p'\'''
lt_cv_sys_global_symbol_to_c_name_address_lib_prefix='sed -n -e '\''s/^: \([^ ]*\)[ ]*$/  {\"\1\", (void *) 0},/p'\'' -e '\''s/^[ABCDGIRSTW]* \([^ ]*\) \(lib[^ ]*\)$/  {"\2", (void *) \&\2},/p'\'' -e '\''s/^[ABCDGIRSTW]* \([^ ]*\) \([^ ]*\)$/  {"lib\2", (void *) \&\2},/p'\'''
lt_cv_sys_global_symbol_to_cdecl='sed -n -e '\''s/^T .* \(.*\)$/extern int \1();/p'\'' -e '\''s/^[ABCDGIRSTW]* .* \(.*\)$/extern char \1;/p'\'''
lt_cv_sys_max_cmd_len=1572864
lt_cv_to_host_file_cmd=func_convert_file_noop
lt_cv_to_tool_file_cmd=func_convert_file_noop

## ----------------- ##
## Output variables. ##
## ----------------- ##

ACLOCAL='${SHELL} /root/Github/image-bbb/krpc-cpp-0.3.6/missing aclocal-1.15'
AMDEPBACKSLASH='\'
AMDEP_FALSE='#'
AMDEP_TRUE=''
AMTAR='$${TAR-tar}'
AM_BACKSLASH='\'
AM_DEFAULT_V='$(AM_DEFAULT_VERBOSITY)'
AM_DEFAULT_VERBOSITY='1'
AM_V='$(V)'
AR='ar'
AUTOCONF='${SHELL} /root/Github/image-bbb/krpc-cpp-0.3.6/missing autoconf'
AUTOHEADER='${SHELL} /root/Github/image-bbb/krpc-cpp-0.3.6/missing autoheader'
AUTOMAKE='${SHELL} /root/Github/image-bbb/krpc-cpp-0.3.6/missing automake-1.15'
AWK='mawk'
CC='gcc'
CCDEPMODE='depmode=gcc3'
CFLAGS='-g -O2'
CPP='gcc -E'
CPPFLAGS=''
CXX='g++ -std=c++11'
CXXCPP='g++ -std=c++11 -E'
CXXDEPMODE='depmode=gcc3'
CXXFLAGS='-g -O2'
CYGPATH_W='echo'
DEFS=''
DEPDIR='.deps'
DLLTOOL='false'
DSYMUTIL=''
DUMPBIN=''
ECHO_C=''
ECHO_N='-n'
ECHO_T=''
EGREP='/bin/grep -E'
EXEEXT=''
FGREP='/bin/grep -F'
GREP='/bin/grep'
HAVE_CXX11='1'
INSTALL_DATA='${INSTALL} -m 644'
INSTALL_PROGRAM='${INSTALL}'
INSTALL_SCRIPT='${INSTALL}'
INSTALL_STRIP_PROGRAM='$(install_sh) -c -s'
LD='/usr/bin/ld'
LDFLAGS=''
LIBOBJS=''
LIBS=''
LIBTOOL='$(SHELL) $(top_builddir)/libtool'
LIPO=''
LN_S='ln -s'
LTLIBOBJS=''
LT_RELEASE='0.3.6'
MAKEINFO='${SHELL} /root/Github/image-bbb/krpc-cpp-0.3.6/missing makeinfo'
MANIFEST_TOOL=':'
MKDIR_P='/bin/mkdir -p'
NM='/usr/bin/nm -B'
NMEDIT=''
OBJDUMP='objdump'
OBJEXT='o'
OTOOL64=''
OTOOL=''
PACKAGE='krpc'
PACKAGE_BUGREPORT=''
PACKAGE_NAME='krpc'
PACKAGE_STRING='krpc 0.3.6'
PACKAGE_TARNAME='krpc'
PACKAGE_URL=''
PACKAGE_VERSION='0.3.6'
PATH_SEPARATOR=':'
RANLIB='ranlib'
SED='/bin/sed'
SET_MAKE=''
SHELL='/bin/bash'
STRIP='strip'
VERSION='0.3.6'
ac_ct_AR='ar'
ac_ct_CC='gcc'
ac_ct_CXX='g++'
ac_ct_DUMPBIN=''
am__EXEEXT_FALSE=''
am__EXEEXT_TRUE=''
am__fastdepCC_FALSE='#'
am__fastdepCC_TRUE=''
am__fastdepCXX_FALSE='#'
am__fastdepCXX_TRUE=''
am__include='include'
am__isrc=''
am__leading_dot='.'
am__nodep='_no'
am__quote=''
am__tar='$${TAR-tar} chof - "$$tardir"'
am__untar='$${TAR-tar} xf -'
bindir='${exec_prefix}/bin'
build='armv7l-unknown-linux-gnueabihf'
build_alias=''
build_cpu='armv7l'
build_os='linux-gnueabihf'
build_vendor='unknown'
datadir='${datarootdir}'
datarootdir='${prefix}/share'
docdir='${datarootdir}/doc/${PACKAGE_TARNAME}'
dvidir='${docdir}'
exec_prefix='NONE'
host='armv7l-unknown-linux-gnueabihf'
host_alias=''
host_cpu='armv7l'
host_os='linux-gnueabihf'
host_vendor='unknown'
htmldir='${docdir}'
includedir='${prefix}/include'
infodir='${datarootdir}/info'
install_sh='${SHELL} /root/Github/image-bbb/krpc-cpp-0.3.6/install-sh'
libdir='${exec_prefix}/lib'
libexecdir='${exec_prefix}/libexec'
localedir='${datarootdir}/locale'
localstatedir='${prefix}/var'
mandir='${datarootdir}/man'
mkdir_p='$(MKDIR_P)'
oldincludedir='/usr/include'
pdfdir='${docdir}'
prefix='NONE'
program_transform_name='s,x,x,'
psdir='${docdir}'
sbindir='${exec_prefix}/sbin'
sharedstatedir='${prefix}/com'
sysconfdir='${prefix}/etc'
target_alias=''

## ----------- ##
## confdefs.h. ##
## ----------- ##

/* confdefs.h */
#define PACKAGE_NAME "krpc"
#define PACKAGE_TARNAME "krpc"
#define PACKAGE_VERSION "0.3.6"
#define PACKAGE_STRING "krpc 0.3.6"
#define PACKAGE_BUGREPORT ""
#define PACKAGE_URL ""
#define PACKAGE "krpc"
#define VERSION "0.3.6"
#define HAVE_CXX11 1
#define STDC_HEADERS 1
#define HAVE_SYS_TYPES_H 1
#define HAVE_SYS_STAT_H 1
#define HAVE_STDLIB_H 1
#define HAVE_STRING_H 1
#define HAVE_MEMORY_H 1
#define HAVE_STRINGS_H 1
#define HAVE_INTTYPES_H 1
#define HAVE_STDINT_H 1
#define HAVE_UNISTD_H 1
#define HAVE_DLFCN_H 1
#define LT_OBJDIR ".libs/"

configure: exit 1
